<?xml version="1.0" encoding="UTF-8"?>
<!-- Generated by org.testng.reporters.JUnitReportReporter -->
<testsuite skipped="0" hostname="DESKTOP-TA6EE9O" name="com.google.SearchTest" tests="1" failures="0" timestamp="17 Jan 2021 08:39:31 GMT" time="12.704" errors="0">
  <testcase name="launchGoogle" time="12.704" classname="com.google.SearchTest"/>
</testsuite> <!-- com.google.SearchTest -->
